<?xml version="1.0" encoding="UTF-8"?>
<!-- Generated by org.testng.reporters.JUnitReportReporter -->
<testsuite hostname="DESKTOP-35QI2EL" failures="0" tests="2" name="com.gtm.PractiseSeleniumFramework.SauceLabsLoginTest" time="12.278" errors="0" timestamp="2025-08-30T15:03:27 IST" skipped="0">
  <testcase classname="com.gtm.PractiseSeleniumFramework.SauceLabsLoginTest" name="verifyLoginWithInValidCredentials" time="4.750"/>
  <testcase classname="com.gtm.PractiseSeleniumFramework.SauceLabsLoginTest" name="verifyLoginValidCredentials" time="7.528"/>
</testsuite> <!-- com.gtm.PractiseSeleniumFramework.SauceLabsLoginTest -->
