<?xml version="1.0" encoding="UTF-8"?>
<!-- Generated by org.testng.reporters.JUnitReportReporter -->
<testsuite hostname="DESKTOP-35QI2EL" failures="0" tests="1" name="com.gtm.PractiseSeleniumFramework.PlaceOrderTest" time="32.540" errors="0" timestamp="2025-08-30T17:52:01 IST" skipped="0">
  <testcase classname="com.gtm.PractiseSeleniumFramework.PlaceOrderTest" name="verifyPlaceOrder" time="32.540"/>
</testsuite> <!-- com.gtm.PractiseSeleniumFramework.PlaceOrderTest -->
