<?xml version="1.0" encoding="UTF-8"?>
<!-- Generated by org.testng.reporters.JUnitReportReporter -->
<testsuite hostname="DESKTOP-35QI2EL" failures="0" tests="1" name="com.gt.PractiseSeleniumFramework.Page.Flipkart" time="12.940" errors="0" timestamp="2025-08-28T13:03:09 IST" skipped="0">
  <testcase classname="com.gt.PractiseSeleniumFramework.Page.Flipkart" name="login" time="12.940"/>
</testsuite> <!-- com.gt.PractiseSeleniumFramework.Page.Flipkart -->
